Sending build context to Docker daemon  17.41kB
Step 1/14 : ARG VERSION_BASE
Step 2/14 : FROM 192.168.2.253:5000/development/baseimage:$VERSION_BASE
 ---> 4f12f07aa3aa
Step 3/14 : ARG CREATED
 ---> Using cache
 ---> b570f8eeed7e
Step 4/14 : ARG VERSION
 ---> Using cache
 ---> 181086ccddf2
Step 5/14 : ARG REVISION
 ---> Using cache
 ---> d5fcc120967a
Step 6/14 : ARG REF_NAME
 ---> Using cache
 ---> bfbac1811fb7
Step 7/14 : LABEL org.opencontainers.image.created=$CREATED       org.opencontainers.image.authors="youngjinj@cubrid.com"       org.opencontainers.image.url="hhttps://github.com/youngjinj/dev-server.git"       org.opencontainers.image.version=$VERSION       org.opencontainers.image.revision=$REVISION       org.opencontainers.image.vendor="CUBRID"       org.opencontainers.image.ref.name=$REF_NAME       org.opencontainers.image.title="CUBRID Development Image"
 ---> Using cache
 ---> 10768774d7f1
Step 8/14 : RUN echo $' \n# Minimize swap usage \n# \n#  - Default: vm.swappiness = 60 \nvm.swappiness = 1' >> /etc/sysctl.conf
 ---> Using cache
 ---> ca2521e9ca0e
Step 9/14 : RUN    sed "/# End of file/d" -i /etc/security/limits.conf     && echo $' \n*               soft    core            unlimited \n*               soft    nofile          32768 \n*               soft    nproc           16384 \n \n*               hard    core            unlimited \n*               hard    nofile          32768 \n*               hard    nproc           16384 \n \n# End of file' >> /etc/security/limits.conf     && sed -i "s/^\([*|root].*\)/# \1/" /etc/security/limits.d/20-nproc.conf
 ---> Using cache
 ---> eb3c64c1a3e9
Step 10/14 : RUN    sed -i "s/^\(%wheel[[:space:]]ALL=(ALL)[[:space:]]ALL\)/# \1/" /etc/sudoers     && sed -i "s/^# \(%wheel[[:space:]]ALL=(ALL)[[:space:]]NOPASSWD: ALL\)/\1/" /etc/sudoers
 ---> Using cache
 ---> e684476be532
Step 11/14 : COPY .custom_profile /root/.custom_profile
 ---> Using cache
 ---> 2ecec3866764
Step 12/14 : COPY .custom_profile /etc/skel/.custom_profile
 ---> Using cache
 ---> b8a21d5c8f8e
Step 13/14 : RUN    echo $'\nsource ~/.custom_profile' >> /root/.bash_profile     && echo $'\nsource ~/.custom_profile' >> /root/.bashrc     && echo $'\nsource ~/.custom_profile' >> /etc/skel/.bash_profile     && echo $'\nsource ~/.custom_profile' >> /etc/skel/.bashrc
 ---> Using cache
 ---> 33e793cfcf41
Step 14/14 : ENTRYPOINT ["/usr/sbin/init"]
 ---> Using cache
 ---> 576ddd5d8fd5
Successfully built 576ddd5d8fd5
Successfully tagged cubrid:1.0.0
